TN:
SF:src/runtime.ts
FN:20,SimpleMetaType
FN:26,generate
FN:30,satisfies
FN:34,getName
FN:38,getPredicate
FN:48,GenericMetaType
FN:54,generate
FN:58,satisfies
FN:64,getName
FN:68,getPredicate
FN:73,objectTypePredicate
FN:77,genericTypePredicate
FN:80,objectType
FNF:13
FNH:8
FNDA:7,SimpleMetaType
FNDA:5,generate
FNDA:19,satisfies
FNDA:0,getName
FNDA:0,getPredicate
FNDA:1,GenericMetaType
FNDA:0,generate
FNDA:1,satisfies
FNDA:0,getName
FNDA:0,getPredicate
FNDA:6,objectTypePredicate
FNDA:2,genericTypePredicate
FNDA:4,objectType
DA:1,1
DA:2,1
DA:3,1
DA:4,1
DA:5,1
DA:6,1
DA:7,1
DA:8,1
DA:9,1
DA:10,1
DA:11,1
DA:12,1
DA:13,1
DA:14,1
DA:15,1
DA:16,1
DA:17,1
DA:18,1
DA:19,1
DA:20,1
DA:21,7
DA:22,7
DA:23,7
DA:24,7
DA:25,1
DA:26,1
DA:27,5
DA:28,5
DA:29,1
DA:30,1
DA:31,19
DA:32,19
DA:33,1
DA:34,1
DA:35,0
DA:36,0
DA:37,1
DA:38,1
DA:39,0
DA:40,0
DA:41,1
DA:42,1
DA:43,1
DA:44,1
DA:45,1
DA:46,1
DA:47,1
DA:48,1
DA:49,1
DA:50,1
DA:51,1
DA:52,1
DA:53,1
DA:54,1
DA:55,0
DA:56,0
DA:57,1
DA:58,1
DA:59,1
DA:60,1
DA:61,1
DA:62,1
DA:63,1
DA:64,1
DA:65,0
DA:66,0
DA:67,1
DA:68,1
DA:69,0
DA:70,0
DA:71,1
DA:72,1
DA:73,1
DA:74,6
DA:75,1
DA:76,1
DA:77,1
DA:78,1
DA:79,1
DA:80,4
DA:81,4
DA:82,4
DA:83,1
DA:84,1
DA:85,1
DA:86,1
DA:87,1
DA:88,1
DA:89,1
DA:90,1
DA:91,1
DA:92,1
DA:93,1
DA:94,1
DA:95,1
DA:96,1
DA:97,1
DA:98,1
DA:99,1
DA:100,1
DA:101,1
DA:102,1
DA:103,1
DA:104,1
DA:105,1
DA:106,1
DA:107,1
DA:108,1
DA:109,1
DA:110,1
DA:111,1
DA:112,1
DA:113,1
DA:114,1
LF:114
LH:104
BRDA:20,0,0,7
BRDA:26,1,0,5
BRDA:30,2,0,19
BRDA:48,3,0,1
BRDA:58,4,0,1
BRDA:61,5,0,0
BRDA:73,6,0,6
BRDA:74,7,0,12
BRDA:77,8,0,2
BRDA:80,9,0,4
BRDA:84,10,0,1
BRDA:84,11,0,1
BRDA:85,12,0,1
BRDA:86,13,0,1
BRDA:87,14,0,1
BRDA:88,15,0,1
BRDA:89,16,0,3
BRDA:90,17,0,3
BRF:18
BRH:17
end_of_record
